therion 5.4.3 (2019-02-01)
initialization file: C:\Program Files (x86)\Therion/therion.ini
reading ... done
configuration file: K11_plan.thconfig
reading ... done
reading source files ... done
preprocessing database ... done
output coordinate system: UTM34
meridian convergence (deg): -0.2277
geomag declinations (deg):
  2007.1.1  3.3876
  2008.1.1  3.4814
  2009.1.1  3.5752
  2010.1.1  3.6689
  2011.1.1  3.7775
  2012.1.1  3.8860
  2013.1.1  3.9944
  2014.1.1  4.1028
  2015.1.1  4.2111
  2016.1.1  4.3164
  2017.1.1  4.4215
  2018.1.1  4.5266
  2019.1.1  4.6315
  2020.1.1  4.7364
scanning centreline tree ... done
searching for centerline loops ... done
calculating station coordinates ... done
calculating basic statistics ... done
processing extended elevation ... done
processing references ... done
selecting export objects ... done
processing projection plan ... 
C:\Program Files (x86)\Therion\therion.exe: warning -- data/../indexes/index_join_plan [24] -- unable to join scraps (count 1)
done
average distortion: 1.28%
writing output/k11_debug.pdf ...
C:\Program Files (x86)\Therion\therion.exe: warning -- temporary directory already exists
processing projection none ... done
####################### metapost log file ########################
This is MetaPost, version 1.209 (kpathsea version 5.1.0) (mem=mpost 2010.01.31)  19 DEC 2019 22:01
**data.mp
(./data.mp
{randomseed:=42}
 [4001] [4002] [4003] [4004] [4005] [4006] [4007] [4008] [4009] [4010] [4011] [
4012] [4013]
[1] [2] [3] [4] [5] [6] [7] [8] [9] [10] [11] [12] [13] [14] [15] [16] [17]
[18] [19] [20] [21] [22] [23] [24] [25] [26] [27] [28] [29] [30] [31] [32]
[33] [34] [35] [36] [37] [38] [39] [40] [41] [42] [43] [44] [45] [46] [47]
[48] [49] [50] [51] [52] [53] [54] [55] [56] [57] [58] [59] [60] [61] [62]
[63] [64] [65] [66] [67] [68] [69] [70] [71] [72] [73] [74] [75]
[Warning: scrap outline intersects itself in scrap K11_s7_03@K11] [76] [77]
[78] [79] [80] [81] [82] [83] [84] [85] [86] [87] [88] [89] [90] [91] [92]
[93] [94] [95] [96] [97] [98] [99] [100] [101] [102] [103] [104] [105] [106]
[107] [108] [109] [110] [111] [112] [113] [114] [115] [116] [117] [118] [119]
[120] [121] [122] [123] [124] [125] [126] [127] [128] [129] [130] [131] [132]
[133] [134] [135] [136] [137] [138] [139] [140] [141] [142] [143] [144] [145]
[146] [147] [148] [149] [150] [151] [152] [153] [154] [155] [156] [157] [158]
[159] [160] [161] [162] [163] [164] [165] [166] [167] [168] [169]
[Warning: scrap outline intersects itself in scrap K11_s1@K11] [170] [171]
[172] [173] (./mptextmp.mp) [174] )
 
Here is how much of MetaPost's memory you used:
 2104 strings out of 2233
 15549 string characters out of 34452
 121395 words of memory out of 1500000
 1418 symbolic tokens out of 16384
 11i,75n,16p,658b,5f stack positions out of 300i,84n,5000p,760b,15f
 1611 string compactions (moved 22988950 characters, 2577955 strings)
187 output files written: data.1 .. data.4013

#################### end of metapost log file ####################
converting scraps ... done
making map ... done
######################## pdftex log file #########################
This is pdfTeX, Version 3.1415926-1.40.10 (Web2C 2009) (format=pdftex 2010.1.2)  19 DEC 2019 22:01
entering extended mode
**data.tex
(./data.tex (./th_enc.tex) (./th_texts.tex) (./th_resources.tex
(c:/Program Files (x86)/Therion/texmf/tex/glyphtounicode.tex))
(./th_fontdef.tex{c:/Program Files (x86)/Therion/texmf/fonts/pdftex.map})
(./th_formdef.tex
Normal \count register pool exhausted, switching to extended pool.)
(./th_pagedef.tex) (./th_pages.tex)
 253 numeric registers used out of 32768
 [1] ) 
Here is how much of TeX's memory you used:
 487 strings out of 95617
 4948 string characters out of 1171098
 122691 words of memory out of 1596669
 1900 multiletter control sequences out of 15000+50000
 20678 words of font info for 64 fonts, out of 1000000 for 2000
 849 hyphenation exceptions out of 1000
 9i,5n,9p,633b,58s stack positions out of 5000i,500n,10000p,200000b,50000s
<c:/Program Files (x86)/Therion/texmf/fonts/type1/cmbx10.pfb><c:/Program 
Files (x86)/Therion/texmf/fonts/type1/cmss10.pfb><c:/Program Files (x86)/Therio
n/texmf/fonts/type1/cmssi10.pfb><c:/Program Files (x86)/Therion/texmf/fonts/typ
e1/csss10.pfb><c:/Program Files (x86)/Therion/texmf/fonts/type1/csssi10.pfb>
Output written on data.pdf (1 page, 979657 bytes).
PDF statistics:
 582 PDF objects out of 1000 (max. 8388607)
 0 named destinations out of 1000 (max. 500000)
 1677 words of extra memory for PDF output out of 10000 (max. 10000000)


##################### end of pdftex log file #####################
done
writing output/k11_20180302_planbw.pdf ...
####################### metapost log file ########################
This is MetaPost, version 1.209 (kpathsea version 5.1.0) (mem=mpost 2010.01.31)  19 DEC 2019 22:01
**data.mp
(./data.mp
{randomseed:=42}
 [4001] [4002] [4003] [4004] [4005] [4006] [4007] [4008] [4009] [4010] [4011] [
4012] [4013]
[1]
[Warning: scrap outline intersects itself in scrap K11_19_hercut_plan_s1@K11]
[2] [3] [4] [5] [6] [7] [8] [9] [10] [11] [12]
[Warning: scrap outline intersects itself in scrap slov_2@K11] [13] [14] [15]
[16] [17] [18] [19] [20] [21] [22] [23] [24] [25] [26] [27] [28] [29] [30]
[31] [32] [33] [34] [35] [36] [37] [38] [39] [40] [41] [42] [43] [44] [45]
[46] [47] [48] [49] [50] [51] [52] [53] [54] [55] [56] [57] [58] [59] [60]
[61] [62] [63] [64] [65] [66] [67] [68] [69] [70] [71] [72]
[Warning: scrap outline intersects itself in scrap K11_s7_03@K11] [73] [74]
[75] [76] [77] [78] [79] [80] [81] [82] [83] [84] [85] [86] [87] [88] [89]
[90] [91] [92] [93] [94] [95] [96] [97] [98] [99] [100] [101] [102] [103] [104]
[105] [106] [107] [108] [109] [110] [111] [112] [113] [114] [115] [116] [117]
[118] [119] [120] [121] [122] [123] [124] [125] [126] [127] [128] [129] [130]
[131] [132]
[Warning: scrap outline intersects itself in scrap k11_15_plan_s1@K11] [133]
[134] [135] [136] [137] [138] [139] [140] [141] [142] [143] [144] [145] [146]
[147] [148] [149] [150] [151] [152] [153] [154] [155]
[Warning: scrap outline intersects itself in scrap K11_s1@K11] [156] [157]
[158] (./mptextmp.mp) [159] (./mptextmp.mp) (./mptextmp.mp) (./mptextmp.mp)
(./mptextmp.mp) (./mptextmp.mp) (./mptextmp.mp) (./mptextmp.mp) [160] [161]
[162] [163] [164] [165] [166] [167] [168] [169] )
 
Here is how much of MetaPost's memory you used:
 1535 strings out of 1638
 15914 string characters out of 26823
 87740 words of memory out of 1500000
 1419 symbolic tokens out of 16384
 11i,75n,16p,617b,5f stack positions out of 300i,84n,5000p,760b,15f
 610 string compactions (moved 8546208 characters, 771068 strings)
182 output files written: data.1 .. data.4013

#################### end of metapost log file ####################
converting scraps ... done
making map ... done
######################## pdftex log file #########################
This is pdfTeX, Version 3.1415926-1.40.10 (Web2C 2009) (format=pdftex 2010.1.2)  19 DEC 2019 22:01
entering extended mode
**data.tex
(./data.tex (./th_enc.tex) (./th_texts.tex) (./th_resources.tex
(c:/Program Files (x86)/Therion/texmf/tex/glyphtounicode.tex))
(./th_fontdef.tex{c:/Program Files (x86)/Therion/texmf/fonts/pdftex.map})
(./th_formdef.tex
Normal \count register pool exhausted, switching to extended pool.)
(./th_pagedef.tex) (./th_pages.tex)
 253 numeric registers used out of 32768
 [1] ) 
Here is how much of TeX's memory you used:
 462 strings out of 95617
 4793 string characters out of 1171098
 99430 words of memory out of 1575408
 1875 multiletter control sequences out of 15000+50000
 20678 words of font info for 64 fonts, out of 1000000 for 2000
 849 hyphenation exceptions out of 1000
 10i,5n,9p,1814b,58s stack positions out of 5000i,500n,10000p,200000b,50000s
<c:/Program Files (x86)/Therion/texmf/fonts/type1/cmss10.pfb><c:/Program 
Files (x86)/Therion/texmf/fonts/type1/cmssi10.pfb><c:/Program Files (x86)/Theri
on/texmf/fonts/type1/csss10.pfb><c:/Program Files (x86)/Therion/texmf/fonts/typ
e1/csssi10.pfb>
Output written on data.pdf (1 page, 601498 bytes).
PDF statistics:
 551 PDF objects out of 1000 (max. 8388607)
 0 named destinations out of 1000 (max. 500000)
 1581 words of extra memory for PDF output out of 10000 (max. 10000000)


##################### end of pdftex log file #####################
done
writing xtherion file ... done
compilation time: 15 sec


###################### scrap distortions #######################
 PROJECTION: plan
 AVERAGE  MAXIMAL  SCRAP
   1.75%   74.13%  K11_05_S1@K11
   0.81%   73.57%  K11_09_s1@K11
  15.10%   67.22%  k11_15_plan_s1@K11
   0.10%   57.28%  im17_1@K11
   2.67%   50.14%  scrap1@K11
  17.38%   49.30%  K11_13_planki_plan_s1@K11
   7.41%   48.83%  K11_s1@K11
   2.09%   43.80%  K11_19_hercut_plan_s1@K11
   2.52%   38.49%  K11_08_plan_s2a@K11
   0.96%   35.20%  K11_s3@K11
   0.71%   31.68%  K11_s7_04@K11
   0.75%   23.90%  K11_08_plan_s1@K11
   0.19%   22.53%  K11_06_im@K11
   0.70%   22.35%  K11_s7_03@K11
   0.29%   20.74%  K11_s4_01@K11
   0.55%   18.48%  K11_12_plan_s1@K11
   3.32%   17.70%  K11_s3_2007@K11
   0.43%   17.49%  K11_s7_01@K11
   0.51%   15.70%  K11_08_plan_s3@K11
   0.96%   15.20%  K11_06_im_2@K11
   1.14%   14.20%  K11_08_plan_s2@K11
   0.40%   12.79%  K11_08_plan_s4@K11
   1.09%   11.68%  K11_s2@K11
   0.12%   11.61%  K11_10_im@K11
   1.50%    9.42%  K11_s4_2007@K11
   0.36%    8.77%  K11_s4_02@K11
   1.74%    8.53%  K11_12_plan_s2@K11
   0.30%    6.27%  K11_s7_02@K11
   0.28%    5.39%  K11_10_im_1@K11
   0.04%    1.08%  k11_20140909_pokrievka_plan_s1@K11
   0.00%    0.04%  K11_11_im_1@K11
   0.01%    0.03%  slov_3@K11
   0.00%    0.02%  slov_2@K11
   0.00%    0.02%  K11_11_im@K11
   0.00%    0.01%  im17_2@K11
   0.00%    0.00%  slov_1@K11
   0.00%    0.00%  K11_06_im_1@K11
   0.00%    0.00%  K11_s7_02a@K11
   0.00%    0.00%  scrap74@K11
   0.00%    0.00%  K11_12_plan_s3@K11
################### end of scrap distortions ###################
